[INFO] Scanning for projects...
[INFO] 
[INFO] --------------------< cs.msu.edu:CSCI_466_Project >---------------------
[INFO] Building CSCI_466_Project 1.0-SNAPSHOT
[INFO] --------------------------------[ jar ]---------------------------------
[INFO] 
[INFO] --- maven-resources-plugin:2.6:resources (default-resources) @ CSCI_466_Project ---
[WARNING] Using platform encoding (UTF-8 actually) to copy filtered resources, i.e. build is platform dependent!
[INFO] Copying 5 resources
[INFO] 
[INFO] --- maven-compiler-plugin:3.1:compile (default-compile) @ CSCI_466_Project ---
[INFO] Nothing to compile - all classes are up to date
[INFO] 
[INFO] --- maven-resources-plugin:2.6:testResources (default-testResources) @ CSCI_466_Project ---
[WARNING] Using platform encoding (UTF-8 actually) to copy filtered resources, i.e. build is platform dependent!
[INFO] skip non existing resourceDirectory /home/carson/Projects/msu/csci-466-spring2021/grading/scripts/repos/jordan_stacy/src/test/resources
[INFO] 
[INFO] --- maven-compiler-plugin:3.1:testCompile (default-testCompile) @ CSCI_466_Project ---
[INFO] Changes detected - recompiling the module!
[WARNING] File encoding has not been set, using platform encoding UTF-8, i.e. build is platform dependent!
[INFO] Compiling 20 source files to /home/carson/Projects/msu/csci-466-spring2021/grading/scripts/repos/jordan_stacy/target/test-classes
[WARNING] /home/carson/Projects/msu/csci-466-spring2021/grading/scripts/repos/jordan_stacy/src/test/java/edu/montana/csci/csci468/CatscriptTestBase.java: /home/carson/Projects/msu/csci-466-spring2021/grading/scripts/repos/jordan_stacy/src/test/java/edu/montana/csci/csci468/CatscriptTestBase.java uses unchecked or unsafe operations.
[WARNING] /home/carson/Projects/msu/csci-466-spring2021/grading/scripts/repos/jordan_stacy/src/test/java/edu/montana/csci/csci468/CatscriptTestBase.java: Recompile with -Xlint:unchecked for details.
[INFO] 
[INFO] --- maven-surefire-plugin:2.22.1:test (default-test) @ CSCI_466_Project ---
[INFO] 
[INFO] -------------------------------------------------------
[INFO]  T E S T S
[INFO] -------------------------------------------------------
[INFO] Running edu.montana.csci.csci468.tokenizer.CatScriptTokenizerTest
[ERROR] Tests run: 16, Failures: 5, Errors: 0, Skipped: 0, Time elapsed: 0.053 s <<< FAILURE! - in edu.montana.csci.csci468.tokenizer.CatScriptTokenizerTest
[ERROR] escapedStrings  Time elapsed: 0.03 s  <<< FAILURE!
org.opentest4j.AssertionFailedError: expected: <[STRING, EOF]> but was: <[STRING, IDENTIFIER, ERROR, STRING, IDENTIFIER, STRING, EOF]>
	at edu.montana.csci.csci468.tokenizer.CatScriptTokenizerTest.escapedStrings(CatScriptTokenizerTest.java:51)

[ERROR] basicString  Time elapsed: 0.001 s  <<< FAILURE!
org.opentest4j.AssertionFailedError: expected: <[STRING, EOF]> but was: <[STRING, IDENTIFIER, STRING, EOF]>
	at edu.montana.csci.csci468.tokenizer.CatScriptTokenizerTest.basicString(CatScriptTokenizerTest.java:33)

[ERROR] compoundTokensTokenizeProperly  Time elapsed: 0.001 s  <<< FAILURE!
org.opentest4j.AssertionFailedError: expected: <[STRING, DOT, STRING, EOF]> but was: <[STRING, STRING, DOT, STRING, STRING, EOF]>
	at edu.montana.csci.csci468.tokenizer.CatScriptTokenizerTest.compoundTokensTokenizeProperly(CatScriptTokenizerTest.java:96)

[ERROR] lineOffsetsAreCorrect  Time elapsed: 0.001 s  <<< FAILURE!
org.opentest4j.AssertionFailedError: expected: <0> but was: <-1>
	at edu.montana.csci.csci468.tokenizer.CatScriptTokenizerTest.lineOffsetsAreCorrect(CatScriptTokenizerTest.java:115)

[ERROR] unterminatedStrings  Time elapsed: 0.001 s  <<< FAILURE!
org.opentest4j.AssertionFailedError: expected: <[ERROR, EOF]> but was: <[STRING, IDENTIFIER, EOF]>
	at edu.montana.csci.csci468.tokenizer.CatScriptTokenizerTest.unterminatedStrings(CatScriptTokenizerTest.java:42)

[INFO] 
[INFO] Results:
[INFO] 
[ERROR] Failures: 
[ERROR]   CatScriptTokenizerTest.basicString:33->CatscriptTestBase.assertTokensAre:63 expected: <[STRING, EOF]> but was: <[STRING, IDENTIFIER, STRING, EOF]>
[ERROR]   CatScriptTokenizerTest.compoundTokensTokenizeProperly:96->CatscriptTestBase.assertTokensAre:63 expected: <[STRING, DOT, STRING, EOF]> but was: <[STRING, STRING, DOT, STRING, STRING, EOF]>
[ERROR]   CatScriptTokenizerTest.escapedStrings:51->CatscriptTestBase.assertTokensAre:63 expected: <[STRING, EOF]> but was: <[STRING, IDENTIFIER, ERROR, STRING, IDENTIFIER, STRING, EOF]>
[ERROR]   CatScriptTokenizerTest.lineOffsetsAreCorrect:115 expected: <0> but was: <-1>
[ERROR]   CatScriptTokenizerTest.unterminatedStrings:42->CatscriptTestBase.assertTokensAre:63 expected: <[ERROR, EOF]> but was: <[STRING, IDENTIFIER, EOF]>
[INFO] 
[ERROR] Tests run: 16, Failures: 5, Errors: 0, Skipped: 0
[INFO] 
[INFO] ------------------------------------------------------------------------
[INFO] BUILD FAILURE
[INFO] ------------------------------------------------------------------------
[INFO] Total time:  3.234 s
[INFO] Finished at: 2021-02-02T12:34:13-07:00
[INFO] ------------------------------------------------------------------------
[ERROR] Failed to execute goal org.apache.maven.plugins:maven-surefire-plugin:2.22.1:test (default-test) on project CSCI_466_Project: There are test failures.
[ERROR] 
[ERROR] Please refer to /home/carson/Projects/msu/csci-466-spring2021/grading/scripts/repos/jordan_stacy/target/surefire-reports for the individual test results.
[ERROR] Please refer to dump files (if any exist) [date].dump, [date]-jvmRun[N].dump and [date].dumpstream.
[ERROR] -> [Help 1]
[ERROR] 
[ERROR] To see the full stack trace of the errors, re-run Maven with the -e switch.
[ERROR] Re-run Maven using the -X switch to enable full debug logging.
[ERROR] 
[ERROR] For more information about the errors and possible solutions, please read the following articles:
[ERROR] [Help 1] http://cwiki.apache.org/confluence/display/MAVEN/MojoFailureException
